d:\[innova]_dll pc-link\dtc\nwscan_mw\nwscan_dtc\nwscan_dtc\debug\vc140.pdb
d:\[innova]_dll pc-link\dtc\nwscan_mw\nwscan_dtc\nwscan_dtc\debug\vc140.idb
d:\[innova]_dll pc-link\dtc\nwscan_mw\nwscan_dtc\nwscan_dtc\debug\ford_adapter_dtcdef.obj
d:\[innova]_dll pc-link\dtc\nwscan_mw\nwscan_dtc\nwscan_dtc\debug\global_truck_adapter_dtcdef.obj
d:\[innova]_dll pc-link\dtc\nwscan_mw\nwscan_dtc\nwscan_dtc\debug\gm_adapter_dtcdef.obj
d:\[innova]_dll pc-link\dtc\nwscan_mw\nwscan_dtc\nwscan_dtc\debug\honda_adapter_dtcdef.obj
d:\[innova]_dll pc-link\dtc\nwscan_mw\nwscan_dtc\nwscan_dtc\debug\huyndai_adapter_dtcdef.obj
d:\[innova]_dll pc-link\dtc\nwscan_mw\nwscan_dtc\nwscan_dtc\debug\jaguar_land_rover_adapter_dtcdef.obj
d:\[innova]_dll pc-link\dtc\nwscan_mw\nwscan_dtc\nwscan_dtc\debug\mazda_adapter_dtcdef.obj
d:\[innova]_dll pc-link\dtc\nwscan_mw\nwscan_dtc\nwscan_dtc\debug\mercedes_benz_adapter_dtcdef.obj
d:\[innova]_dll pc-link\dtc\nwscan_mw\nwscan_dtc\nwscan_dtc\debug\mitsubishi_adapter_dtcdef.obj
d:\[innova]_dll pc-link\dtc\nwscan_mw\nwscan_dtc\nwscan_dtc\debug\nissan_adapter_dtcdef.obj
d:\[innova]_dll pc-link\dtc\nwscan_mw\nwscan_dtc\nwscan_dtc\debug\renault_adapter_dtcdef.obj
d:\[innova]_dll pc-link\dtc\nwscan_mw\nwscan_dtc\nwscan_dtc\debug\subaru_adapter_dtcdef.obj
d:\[innova]_dll pc-link\dtc\nwscan_mw\nwscan_dtc\nwscan_dtc\debug\suzuki_adapter_dtcdef.obj
d:\[innova]_dll pc-link\dtc\nwscan_mw\nwscan_dtc\nwscan_dtc\debug\toyota_adapter_dtcdef.obj
d:\[innova]_dll pc-link\dtc\nwscan_mw\nwscan_dtc\nwscan_dtc\debug\vdm_dtc_path.obj
d:\[innova]_dll pc-link\dtc\nwscan_mw\nwscan_dtc\nwscan_dtc\debug\volkswagen_adapter_dtcdef.obj
d:\[innova]_dll pc-link\dtc\nwscan_mw\nwscan_dtc\nwscan_dtc\debug\volvo_adapter_dtcdef.obj
d:\[innova]_dll pc-link\dtc\nwscan_mw\nwscan_dtc\nwscan_dtc\debug\sys_sd_utilities.obj
d:\[innova]_dll pc-link\dtc\nwscan_mw\nwscan_dtc\nwscan_dtc\debug\win32_dll_adapter.obj
d:\[innova]_dll pc-link\dtc\nwscan_mw\nwscan_dtc\nwscan_dtc\debug\nwscan_dtc.obj
d:\[innova]_dll pc-link\dtc\nwscan_mw\nwscan_dtc\nwscan_dtc\debug\bmw_adapter_dtcdef.obj
d:\[innova]_dll pc-link\dtc\nwscan_mw\nwscan_dtc\nwscan_dtc\debug\chrysler_adapter_dtcdef.obj
d:\[innova]_dll pc-link\dtc\nwscan_mw\nwscan_dtc\nwscan_dtc\debug\default_adapter_dtcdef.obj
d:\[innova]_dll pc-link\dtc\nwscan_mw\nwscan_dtc\nwscan_dtc\debug\dtcdefinition.obj
d:\[innova]_dll pc-link\dtc\nwscan_mw\nwscan_dtc\nwscan_dtc\debug\dtcparser.obj
d:\[innova]_dll pc-link\dtc\nwscan_mw\nwscan_dtc\nwscan_dtc\debug\dtcutilities.obj
d:\[innova]_dll pc-link\dtc\nwscan_mw\nwscan_dtc\nwscan_dtc\debug\fiat_adapter_dtcdef.obj
d:\[innova]_dtc definition\firmware\dtc\release\dtc_app\nwscan_dtc.ilk
d:\[innova]_dtc definition\firmware\dtc\release\dtc_app\nwscan_dtc.dll
d:\[innova]_dtc definition\firmware\dtc\release\dtc_app\nwscan_dtc.pdb
d:\[innova]_dll pc-link\dtc\nwscan_mw\nwscan_dtc\nwscan_dtc\encrypter.lib
d:\[innova]_dll pc-link\dtc\nwscan_mw\nwscan_dtc\nwscan_dtc\encrypter.exp
d:\[innova]_dll pc-link\dtc\nwscan_mw\nwscan_dtc\nwscan_dtc\debug\nwscan_dtc.tlog\cl.command.1.tlog
d:\[innova]_dll pc-link\dtc\nwscan_mw\nwscan_dtc\nwscan_dtc\debug\nwscan_dtc.tlog\cl.read.1.tlog
d:\[innova]_dll pc-link\dtc\nwscan_mw\nwscan_dtc\nwscan_dtc\debug\nwscan_dtc.tlog\cl.write.1.tlog
d:\[innova]_dll pc-link\dtc\nwscan_mw\nwscan_dtc\nwscan_dtc\debug\nwscan_dtc.tlog\link.command.1.tlog
d:\[innova]_dll pc-link\dtc\nwscan_mw\nwscan_dtc\nwscan_dtc\debug\nwscan_dtc.tlog\link.read.1.tlog
d:\[innova]_dll pc-link\dtc\nwscan_mw\nwscan_dtc\nwscan_dtc\debug\nwscan_dtc.tlog\link.write.1.tlog
d:\[innova]_dll pc-link\dtc\nwscan_mw\nwscan_dtc\nwscan_dtc\debug\nwscan_dtc.tlog\nwscan_dtc.write.1u.tlog
